This file contains any messages produced by compilers while
running configure, to aid debugging if configure makes a mistake.

It was created by clewn configure 1.13, which was
generated by GNU Autoconf 2.59.  Invocation command line was

  $ ./configure 

## --------- ##
## Platform. ##
## --------- ##

hostname = gavel-desktop
uname -m = i686
uname -r = 2.6.22-15-generic
uname -s = Linux
uname -v = #1 SMP Fri Jul 11 19:25:33 UTC 2008

/usr/bin/uname -p = unknown
/bin/uname -X     = unknown

/bin/arch              = unknown
/usr/bin/arch -k       = unknown
/usr/convex/getsysinfo = unknown
hostinfo               = unknown
/bin/machine           = unknown
/usr/bin/oslevel       = unknown
/bin/universe          = unknown

PATH: /usr/local/sbin
PATH: /usr/local/bin
PATH: /usr/sbin
PATH: /usr/bin
PATH: /sbin
PATH: /bin
PATH: /usr/bin/X11
PATH: /usr/games


## ----------- ##
## Core tests. ##
## ----------- ##

configure:1365: checking for a BSD-compatible install
configure:1420: result: /usr/bin/install -c
configure:1431: checking whether build environment is sane
configure:1474: result: yes
configure:1539: checking for gawk
configure:1568: result: no
configure:1539: checking for mawk
configure:1555: found /usr/bin/mawk
configure:1565: result: mawk
configure:1575: checking whether make sets $(MAKE)
configure:1595: result: yes
configure:1763: checking whether to enable maintainer-specific portions of Makefiles
configure:1772: result: no
configure:1865: checking for gcc
configure:1881: found /usr/bin/gcc
configure:1891: result: gcc
configure:2135: checking for C compiler version
configure:2138: gcc --version </dev/null >&5
gcc (GCC) 4.2.3 (Ubuntu 4.2.3-2ubuntu7)
Copyright (C) 2007 Free Software Foundation, Inc.
This is free software; see the source for copying conditions.  There is NO
warranty; not even for MERCHANTABILITY or FITNESS FOR A PARTICULAR PURPOSE.

configure:2141: $? = 0
configure:2143: gcc -v </dev/null >&5
Using built-in specs.
Target: i486-linux-gnu
Configured with: ../src/configure -v --enable-languages=c,c++,fortran,objc,obj-c++,treelang --prefix=/usr --enable-shared --with-system-zlib --libexecdir=/usr/lib --without-included-gettext --enable-threads=posix --enable-nls --with-gxx-include-dir=/usr/include/c++/4.2 --program-suffix=-4.2 --enable-clocale=gnu --enable-libstdcxx-debug --enable-objc-gc --enable-mpfr --enable-targets=all --enable-checking=release --build=i486-linux-gnu --host=i486-linux-gnu --target=i486-linux-gnu
Thread model: posix
gcc version 4.2.3 (Ubuntu 4.2.3-2ubuntu7)
configure:2146: $? = 0
configure:2148: gcc -V </dev/null >&5
gcc: '-V' option must have argument
configure:2151: $? = 1
configure:2174: checking for C compiler default output file name
configure:2177: gcc    conftest.c  >&5
configure:2180: $? = 0
configure:2226: result: a.out
configure:2231: checking whether the C compiler works
configure:2237: ./a.out
configure:2240: $? = 0
configure:2257: result: yes
configure:2264: checking whether we are cross compiling
configure:2266: result: no
configure:2269: checking for suffix of executables
configure:2271: gcc -o conftest    conftest.c  >&5
configure:2274: $? = 0
configure:2299: result: 
configure:2305: checking for suffix of object files
configure:2326: gcc -c   conftest.c >&5
configure:2329: $? = 0
configure:2351: result: o
configure:2355: checking whether we are using the GNU C compiler
configure:2379: gcc -c   conftest.c >&5
configure:2385: $? = 0
configure:2389: test -z 
			 || test ! -s conftest.err
configure:2392: $? = 0
configure:2395: test -s conftest.o
configure:2398: $? = 0
configure:2411: result: yes
configure:2417: checking whether gcc accepts -g
configure:2438: gcc -c -g  conftest.c >&5
configure:2444: $? = 0
configure:2448: test -z 
			 || test ! -s conftest.err
configure:2451: $? = 0
configure:2454: test -s conftest.o
configure:2457: $? = 0
configure:2468: result: yes
configure:2485: checking for gcc option to accept ANSI C
configure:2555: gcc  -c -g -O2  conftest.c >&5
configure:2561: $? = 0
configure:2565: test -z 
			 || test ! -s conftest.err
configure:2568: $? = 0
configure:2571: test -s conftest.o
configure:2574: $? = 0
configure:2592: result: none needed
configure:2610: gcc -c -g -O2  conftest.c >&5
conftest.c:2: error: expected '=', ',', ';', 'asm' or '__attribute__' before 'me'
configure:2616: $? = 1
configure: failed program was:
| #ifndef __cplusplus
|   choke me
| #endif
configure:2760: checking for style of include used by make
configure:2788: result: GNU
configure:2816: checking dependency style of gcc
configure:2906: result: gcc3
configure:2927: checking for initscr in -lcurses
configure:2957: gcc -o conftest -g -O2   conftest.c -lcurses   >&5
configure:2963: $? = 0
configure:2967: test -z 
			 || test ! -s conftest.err
configure:2970: $? = 0
configure:2973: test -s conftest
configure:2976: $? = 0
configure:2989: result: yes
configure:3011: checking how to run the C preprocessor
configure:3046: gcc -E  conftest.c
configure:3052: $? = 0
configure:3084: gcc -E  conftest.c
conftest.c:12:28: error: ac_nonexistent.h: No such file or directory
configure:3090: $? = 1
configure: failed program was:
| /* confdefs.h.  */
| 
| #define PACKAGE_NAME "clewn"
| #define PACKAGE_TARNAME "clewn"
| #define PACKAGE_VERSION "1.13"
| #define PACKAGE_STRING "clewn 1.13"
| #define PACKAGE_BUGREPORT "xdegaye@users.sourceforge.net"
| #define PACKAGE "clewn"
| #define VERSION "1.13"
| #define HAVE_LIBCURSES 1
| /* end confdefs.h.  */
| #include <ac_nonexistent.h>
configure:3129: result: gcc -E
configure:3153: gcc -E  conftest.c
configure:3159: $? = 0
configure:3191: gcc -E  conftest.c
conftest.c:12:28: error: ac_nonexistent.h: No such file or directory
configure:3197: $? = 1
configure: failed program was:
| /* confdefs.h.  */
| 
| #define PACKAGE_NAME "clewn"
| #define PACKAGE_TARNAME "clewn"
| #define PACKAGE_VERSION "1.13"
| #define PACKAGE_STRING "clewn 1.13"
| #define PACKAGE_BUGREPORT "xdegaye@users.sourceforge.net"
| #define PACKAGE "clewn"
| #define VERSION "1.13"
| #define HAVE_LIBCURSES 1
| /* end confdefs.h.  */
| #include <ac_nonexistent.h>
configure:3241: checking for egrep
configure:3251: result: grep -E
configure:3256: checking for ANSI C header files
configure:3281: gcc -c -g -O2  conftest.c >&5
configure:3287: $? = 0
configure:3291: test -z 
			 || test ! -s conftest.err
configure:3294: $? = 0
configure:3297: test -s conftest.o
configure:3300: $? = 0
configure:3389: gcc -o conftest -g -O2   conftest.c -lcurses  >&5
conftest.c: In function 'main':
conftest.c:29: warning: incompatible implicit declaration of built-in function 'exit'
configure:3392: $? = 0
configure:3394: ./conftest
configure:3397: $? = 0
configure:3412: result: yes
configure:3436: checking for sys/types.h
configure:3452: gcc -c -g -O2  conftest.c >&5
configure:3458: $? = 0
configure:3462: test -z 
			 || test ! -s conftest.err
configure:3465: $? = 0
configure:3468: test -s conftest.o
configure:3471: $? = 0
configure:3482: result: yes
configure:3436: checking for sys/stat.h
configure:3452: gcc -c -g -O2  conftest.c >&5
configure:3458: $? = 0
configure:3462: test -z 
			 || test ! -s conftest.err
configure:3465: $? = 0
configure:3468: test -s conftest.o
configure:3471: $? = 0
configure:3482: result: yes
configure:3436: checking for stdlib.h
configure:3452: gcc -c -g -O2  conftest.c >&5
configure:3458: $? = 0
configure:3462: test -z 
			 || test ! -s conftest.err
configure:3465: $? = 0
configure:3468: test -s conftest.o
configure:3471: $? = 0
configure:3482: result: yes
configure:3436: checking for string.h
configure:3452: gcc -c -g -O2  conftest.c >&5
configure:3458: $? = 0
configure:3462: test -z 
			 || test ! -s conftest.err
configure:3465: $? = 0
configure:3468: test -s conftest.o
configure:3471: $? = 0
configure:3482: result: yes
configure:3436: checking for memory.h
configure:3452: gcc -c -g -O2  conftest.c >&5
configure:3458: $? = 0
configure:3462: test -z 
			 || test ! -s conftest.err
configure:3465: $? = 0
configure:3468: test -s conftest.o
configure:3471: $? = 0
configure:3482: result: yes
configure:3436: checking for strings.h
configure:3452: gcc -c -g -O2  conftest.c >&5
configure:3458: $? = 0
configure:3462: test -z 
			 || test ! -s conftest.err
configure:3465: $? = 0
configure:3468: test -s conftest.o
configure:3471: $? = 0
configure:3482: result: yes
configure:3436: checking for inttypes.h
configure:3452: gcc -c -g -O2  conftest.c >&5
configure:3458: $? = 0
configure:3462: test -z 
			 || test ! -s conftest.err
configure:3465: $? = 0
configure:3468: test -s conftest.o
configure:3471: $? = 0
configure:3482: result: yes
configure:3436: checking for stdint.h
configure:3452: gcc -c -g -O2  conftest.c >&5
configure:3458: $? = 0
configure:3462: test -z 
			 || test ! -s conftest.err
configure:3465: $? = 0
configure:3468: test -s conftest.o
configure:3471: $? = 0
configure:3482: result: yes
configure:3436: checking for unistd.h
configure:3452: gcc -c -g -O2  conftest.c >&5
configure:3458: $? = 0
configure:3462: test -z 
			 || test ! -s conftest.err
configure:3465: $? = 0
configure:3468: test -s conftest.o
configure:3471: $? = 0
configure:3482: result: yes
configure:3509: checking readline/readline.h usability
configure:3521: gcc -c -g -O2  conftest.c >&5
conftest.c:56:31: error: readline/readline.h: No such file or directory
configure:3527: $? = 1
configure: failed program was:
| /* confdefs.h.  */
| 
| #define PACKAGE_NAME "clewn"
| #define PACKAGE_TARNAME "clewn"
| #define PACKAGE_VERSION "1.13"
| #define PACKAGE_STRING "clewn 1.13"
| #define PACKAGE_BUGREPORT "xdegaye@users.sourceforge.net"
| #define PACKAGE "clewn"
| #define VERSION "1.13"
| #define HAVE_LIBCURSES 1
| #define STDC_HEADERS 1
| #define HAVE_SYS_TYPES_H 1
| #define HAVE_SYS_STAT_H 1
| #define HAVE_STDLIB_H 1
| #define HAVE_STRING_H 1
| #define HAVE_MEMORY_H 1
| #define HAVE_STRINGS_H 1
| #define HAVE_INTTYPES_H 1
| #define HAVE_STDINT_H 1
| #define HAVE_UNISTD_H 1
| /* end confdefs.h.  */
| #include <stdio.h>
| #if HAVE_SYS_TYPES_H
| # include <sys/types.h>
| #endif
| #if HAVE_SYS_STAT_H
| # include <sys/stat.h>
| #endif
| #if STDC_HEADERS
| # include <stdlib.h>
| # include <stddef.h>
| #else
| # if HAVE_STDLIB_H
| #  include <stdlib.h>
| # endif
| #endif
| #if HAVE_STRING_H
| # if !STDC_HEADERS && HAVE_MEMORY_H
| #  include <memory.h>
| # endif
| # include <string.h>
| #endif
| #if HAVE_STRINGS_H
| # include <strings.h>
| #endif
| #if HAVE_INTTYPES_H
| # include <inttypes.h>
| #else
| # if HAVE_STDINT_H
| #  include <stdint.h>
| # endif
| #endif
| #if HAVE_UNISTD_H
| # include <unistd.h>
| #endif
| #include <readline/readline.h>
configure:3550: result: no
configure:3554: checking readline/readline.h presence
configure:3564: gcc -E  conftest.c
conftest.c:22:31: error: readline/readline.h: No such file or directory
configure:3570: $? = 1
configure: failed program was:
| /* confdefs.h.  */
| 
| #define PACKAGE_NAME "clewn"
| #define PACKAGE_TARNAME "clewn"
| #define PACKAGE_VERSION "1.13"
| #define PACKAGE_STRING "clewn 1.13"
| #define PACKAGE_BUGREPORT "xdegaye@users.sourceforge.net"
| #define PACKAGE "clewn"
| #define VERSION "1.13"
| #define HAVE_LIBCURSES 1
| #define STDC_HEADERS 1
| #define HAVE_SYS_TYPES_H 1
| #define HAVE_SYS_STAT_H 1
| #define HAVE_STDLIB_H 1
| #define HAVE_STRING_H 1
| #define HAVE_MEMORY_H 1
| #define HAVE_STRINGS_H 1
| #define HAVE_INTTYPES_H 1
| #define HAVE_STDINT_H 1
| #define HAVE_UNISTD_H 1
| /* end confdefs.h.  */
| #include <readline/readline.h>
configure:3590: result: no
configure:3625: checking for readline/readline.h
configure:3632: result: no
configure:3642: error: need readline include files

## ---------------- ##
## Cache variables. ##
## ---------------- ##

ac_cv_c_compiler_gnu=yes
ac_cv_env_CC_set=
ac_cv_env_CC_value=
ac_cv_env_CFLAGS_set=
ac_cv_env_CFLAGS_value=
ac_cv_env_CPPFLAGS_set=
ac_cv_env_CPPFLAGS_value=
ac_cv_env_CPP_set=
ac_cv_env_CPP_value=
ac_cv_env_LDFLAGS_set=
ac_cv_env_LDFLAGS_value=
ac_cv_env_build_alias_set=
ac_cv_env_build_alias_value=
ac_cv_env_host_alias_set=
ac_cv_env_host_alias_value=
ac_cv_env_target_alias_set=
ac_cv_env_target_alias_value=
ac_cv_env_vimdir_set=
ac_cv_env_vimdir_value=
ac_cv_exeext=
ac_cv_header_inttypes_h=yes
ac_cv_header_memory_h=yes
ac_cv_header_readline_readline_h=no
ac_cv_header_stdc=yes
ac_cv_header_stdint_h=yes
ac_cv_header_stdlib_h=yes
ac_cv_header_string_h=yes
ac_cv_header_strings_h=yes
ac_cv_header_sys_stat_h=yes
ac_cv_header_sys_types_h=yes
ac_cv_header_unistd_h=yes
ac_cv_lib_curses_initscr=yes
ac_cv_objext=o
ac_cv_path_install='/usr/bin/install -c'
ac_cv_prog_AWK=mawk
ac_cv_prog_CPP='gcc -E'
ac_cv_prog_ac_ct_CC=gcc
ac_cv_prog_cc_g=yes
ac_cv_prog_cc_stdc=
ac_cv_prog_egrep='grep -E'
ac_cv_prog_make_make_set=yes
am_cv_CC_dependencies_compiler_type=gcc3

## ----------------- ##
## Output variables. ##
## ----------------- ##

ACLOCAL='${SHELL} /home/gavel/.vim/clewn-1.13/scripts/missing --run aclocal-1.9'
AMDEPBACKSLASH='\'
AMDEP_FALSE='#'
AMDEP_TRUE=''
AMTAR='${SHELL} /home/gavel/.vim/clewn-1.13/scripts/missing --run tar'
AUTOCONF='${SHELL} /home/gavel/.vim/clewn-1.13/scripts/missing --run autoconf'
AUTOHEADER='${SHELL} /home/gavel/.vim/clewn-1.13/scripts/missing --run autoheader'
AUTOMAKE='${SHELL} /home/gavel/.vim/clewn-1.13/scripts/missing --run automake-1.9'
AWK='mawk'
CC='gcc'
CCDEPMODE='depmode=gcc3'
CFLAGS='-g -O2'
CPP='gcc -E'
CPPFLAGS=''
CYGPATH_W='echo'
DEBUG_FALSE=''
DEBUG_TRUE='#'
DEFS=''
DEPDIR='.deps'
ECHO_C=''
ECHO_N='-n'
ECHO_T=''
EGREP='grep -E'
EXEEXT=''
INSTALL_DATA='${INSTALL} -m 644'
INSTALL_PROGRAM='${INSTALL}'
INSTALL_SCRIPT='${INSTALL}'
INSTALL_STRIP_PROGRAM='${SHELL} $(install_sh) -c -s'
LDFLAGS=''
LIBOBJS=''
LIBS='-lcurses '
LTLIBOBJS=''
MAINT='#'
MAINTAINER_MODE_FALSE=''
MAINTAINER_MODE_TRUE='#'
MAKEINFO='${SHELL} /home/gavel/.vim/clewn-1.13/scripts/missing --run makeinfo'
OBJEXT='o'
PACKAGE='clewn'
PACKAGE_BUGREPORT='xdegaye@users.sourceforge.net'
PACKAGE_NAME='clewn'
PACKAGE_STRING='clewn 1.13'
PACKAGE_TARNAME='clewn'
PACKAGE_VERSION='1.13'
PATH_SEPARATOR=':'
SET_MAKE=''
SHELL='/bin/bash'
STRIP=''
VERSION='1.13'
ac_ct_CC='gcc'
ac_ct_STRIP=''
am__fastdepCC_FALSE='#'
am__fastdepCC_TRUE=''
am__include='include'
am__leading_dot='.'
am__quote=''
am__tar='${AMTAR} chof - "$$tardir"'
am__untar='${AMTAR} xf -'
bindir='${exec_prefix}/bin'
build_alias=''
datadir='${prefix}/share'
exec_prefix='NONE'
host_alias=''
includedir='${prefix}/include'
infodir='${prefix}/info'
install_sh='/home/gavel/.vim/clewn-1.13/scripts/install-sh'
libdir='${exec_prefix}/lib'
libexecdir='${exec_prefix}/libexec'
localstatedir='${prefix}/var'
mandir='${prefix}/man'
mkdir_p='mkdir -p --'
oldincludedir='/usr/include'
prefix='NONE'
program_transform_name='s,x,x,'
sbindir='${exec_prefix}/sbin'
sharedstatedir='${prefix}/com'
sysconfdir='${prefix}/etc'
target_alias=''
vimdir='/usr/local/share/vim/vimfiles'

## ----------- ##
## confdefs.h. ##
## ----------- ##

#define HAVE_INTTYPES_H 1
#define HAVE_LIBCURSES 1
#define HAVE_MEMORY_H 1
#define HAVE_STDINT_H 1
#define HAVE_STDLIB_H 1
#define HAVE_STRINGS_H 1
#define HAVE_STRING_H 1
#define HAVE_SYS_STAT_H 1
#define HAVE_SYS_TYPES_H 1
#define HAVE_UNISTD_H 1
#define PACKAGE "clewn"
#define PACKAGE_BUGREPORT "xdegaye@users.sourceforge.net"
#define PACKAGE_NAME "clewn"
#define PACKAGE_STRING "clewn 1.13"
#define PACKAGE_TARNAME "clewn"
#define PACKAGE_VERSION "1.13"
#define STDC_HEADERS 1
#define VERSION "1.13"

configure: exit 1
